2025-06-03 11:28:00,425 INFO [background-preinit] org.hibernate.validator.internal.util.Version [21] HV000001: Hibernate Validator 8.0.2.Final
2025-06-03 11:28:00,477 INFO [main] org.springframework.boot.StartupInfoLogger [53] Starting AppantechWebsiteServicesApplication using Java 23.0.1 with PID 29628 (C:\Users\gadeg\OneDrive\Desktop\AAAAA\ApplicationSetup_sms_setup\AppantechWebsiteServices\target\classes started by gadeg in C:\Users\gadeg\OneDrive\Desktop\AAAAA\ApplicationSetup_sms_setup\AppantechWebsiteServices)
2025-06-03 11:28:00,477 INFO [main] org.springframework.boot.SpringApplication [652] No active profile set, falling back to 1 default profile: "default"
2025-06-03 11:28:01,000 INFO [main] org.springframework.data.repository.config.RepositoryConfigurationDelegate [143] Bootstrapping Spring Data JPA repositories in DEFAULT mode.
2025-06-03 11:28:01,057 INFO [main] org.springframework.data.repository.config.RepositoryConfigurationDelegate [211] Finished Spring Data repository scanning in 50 ms. Found 10 JPA repository interfaces.
2025-06-03 11:28:01,764 INFO [main] org.springframework.boot.web.embedded.tomcat.TomcatWebServer [111] Tomcat initialized with port 3007 (http)
2025-06-03 11:28:01,783 INFO [main] org.apache.juli.logging.DirectJDKLog [168] Initializing ProtocolHandler ["http-nio-3007"]
2025-06-03 11:28:01,785 INFO [main] org.apache.juli.logging.DirectJDKLog [168] Starting service [Tomcat]
2025-06-03 11:28:01,787 INFO [main] org.apache.juli.logging.DirectJDKLog [168] Starting Servlet engine: [Apache Tomcat/10.1.40]
2025-06-03 11:28:01,854 INFO [main] org.apache.juli.logging.DirectJDKLog [168] Initializing Spring embedded WebApplicationContext
2025-06-03 11:28:01,856 INFO [main] org.springframework.boot.web.servlet.context.ServletWebServerApplicationContext [301] Root WebApplicationContext: initialization completed in 1316 ms
2025-06-03 11:28:01,915 INFO [main] com.web.RequestFilter [29] *********************************** Filter initialized *******************************************
2025-06-03 11:28:02,074 INFO [main] com.zaxxer.hikari.HikariDataSource [109] HikariPool - Starting...
2025-06-03 11:28:02,979 INFO [main] com.zaxxer.hikari.pool.HikariPool [554] HikariPool - Added connection org.postgresql.jdbc.PgConnection@60b5e80d
2025-06-03 11:28:02,980 INFO [main] com.zaxxer.hikari.HikariDataSource [122] HikariPool - Start completed.
2025-06-03 11:28:03,019 INFO [main] org.hibernate.jpa.internal.util.LogHelper [31] HHH000204: Processing PersistenceUnitInfo [name: default]
2025-06-03 11:28:03,059 INFO [main] org.hibernate.Version [44] HHH000412: Hibernate ORM core version 6.6.13.Final
2025-06-03 11:28:03,091 INFO [main] org.hibernate.cache.internal.RegionFactoryInitiator [50] HHH000026: Second-level cache disabled
2025-06-03 11:28:03,177 INFO [main] org.hibernate.envers.boot.internal.EnversServiceImpl [76] Envers integration enabled? : true
2025-06-03 11:28:03,379 INFO [main] org.springframework.orm.jpa.persistenceunit.SpringPersistenceUnitInfo [87] No LoadTimeWeaver setup: ignoring JPA class transformer
2025-06-03 11:28:03,430 WARN [main] org.hibernate.engine.jdbc.dialect.internal.DialectFactoryImpl [153] HHH90000025: PostgreSQLDialect does not need to be specified explicitly using 'hibernate.dialect' (remove the property setting and it will be selected by default)
2025-06-03 11:28:03,455 INFO [main] org.hibernate.engine.jdbc.env.internal.JdbcEnvironmentInitiator [157] HHH10001005: Database info:
	Database JDBC URL [Connecting through datasource 'HikariDataSource (HikariPool)']
	Database driver: undefined/unknown
	Database version: 16.8
	Autocommit mode: undefined/unknown
	Isolation level: undefined/unknown
	Minimum pool size: undefined/unknown
	Maximum pool size: undefined/unknown
2025-06-03 11:28:03,857 INFO [main] org.hibernate.envers.configuration.internal.metadata.AuditMetadataGenerator [322] Adding properties for entity: com.web.entity.UserMaster
2025-06-03 11:28:03,858 INFO [main] org.hibernate.envers.configuration.internal.metadata.AuditMetadataGenerator [322] Adding properties for entity: com.web.entity.VendorMaster
2025-06-03 11:28:03,859 INFO [main] org.hibernate.envers.configuration.internal.metadata.AuditMetadataGenerator [322] Adding properties for entity: com.web.entity.UserMenu
2025-06-03 11:28:03,901 WARN [main] org.hibernate.id.enhanced.OptimizerFactory [52] HHH000321: Unable to interpret specified optimizer [true], falling back to noop
2025-06-03 11:28:04,625 INFO [main] org.hibernate.engine.transaction.jta.platform.internal.JtaPlatformInitiator [59] HHH000489: No JTA platform available (set 'hibernate.transaction.jta.platform' to enable JTA platform integration)
2025-06-03 11:28:04,628 INFO [main] org.springframework.orm.jpa.AbstractEntityManagerFactoryBean [447] Initialized JPA EntityManagerFactory for persistence unit 'default'
2025-06-03 11:28:04,968 INFO [main] org.springframework.data.jpa.repository.query.QueryEnhancerFactory [49] Hibernate is in classpath; If applicable, HQL parser will be used.
2025-06-03 11:28:05,851 WARN [main] org.springframework.boot.autoconfigure.orm.jpa.JpaBaseConfiguration$JpaWebConfiguration [258] spring.jpa.open-in-view is enabled by default. Therefore, database queries may be performed during view rendering. Explicitly configure spring.jpa.open-in-view to disable this warning
2025-06-03 11:28:06,252 INFO [main] org.apache.juli.logging.DirectJDKLog [168] Starting ProtocolHandler ["http-nio-3007"]
2025-06-03 11:28:06,292 INFO [main] org.springframework.boot.web.embedded.tomcat.TomcatWebServer [243] Tomcat started on port 3007 (http) with context path '/'
2025-06-03 11:28:06,305 INFO [main] org.springframework.boot.StartupInfoLogger [59] Started AppantechWebsiteServicesApplication in 6.108 seconds (process running for 6.543)
2025-06-03 15:11:12,254 INFO [background-preinit] org.hibernate.validator.internal.util.Version [21] HV000001: Hibernate Validator 8.0.2.Final
2025-06-03 15:11:12,343 INFO [main] org.springframework.boot.StartupInfoLogger [53] Starting AppantechWebsiteServicesApplication using Java 23.0.1 with PID 14716 (C:\Users\gadeg\OneDrive\Desktop\AAAAA\ApplicationSetup_sms_setup\AppantechWebsiteServices\target\classes started by gadeg in C:\Users\gadeg\OneDrive\Desktop\AAAAA\ApplicationSetup_sms_setup\AppantechWebsiteServices)
2025-06-03 15:11:12,345 INFO [main] org.springframework.boot.SpringApplication [652] No active profile set, falling back to 1 default profile: "default"
2025-06-03 15:11:13,141 INFO [main] org.springframework.data.repository.config.RepositoryConfigurationDelegate [143] Bootstrapping Spring Data JPA repositories in DEFAULT mode.
2025-06-03 15:11:13,294 INFO [main] org.springframework.data.repository.config.RepositoryConfigurationDelegate [211] Finished Spring Data repository scanning in 128 ms. Found 10 JPA repository interfaces.
2025-06-03 15:11:14,407 INFO [main] org.springframework.boot.web.embedded.tomcat.TomcatWebServer [111] Tomcat initialized with port 3007 (http)
2025-06-03 15:11:14,436 INFO [main] org.apache.juli.logging.DirectJDKLog [168] Initializing ProtocolHandler ["http-nio-3007"]
2025-06-03 15:11:14,439 INFO [main] org.apache.juli.logging.DirectJDKLog [168] Starting service [Tomcat]
2025-06-03 15:11:14,439 INFO [main] org.apache.juli.logging.DirectJDKLog [168] Starting Servlet engine: [Apache Tomcat/10.1.40]
2025-06-03 15:11:14,515 INFO [main] org.apache.juli.logging.DirectJDKLog [168] Initializing Spring embedded WebApplicationContext
2025-06-03 15:11:14,518 INFO [main] org.springframework.boot.web.servlet.context.ServletWebServerApplicationContext [301] Root WebApplicationContext: initialization completed in 2090 ms
2025-06-03 15:11:14,596 INFO [main] com.web.RequestFilter [29] *********************************** Filter initialized *******************************************
2025-06-03 15:11:14,775 INFO [main] com.zaxxer.hikari.HikariDataSource [109] HikariPool - Starting...
2025-06-03 15:11:15,404 INFO [main] com.zaxxer.hikari.pool.HikariPool [554] HikariPool - Added connection org.postgresql.jdbc.PgConnection@797fcf9
2025-06-03 15:11:15,408 INFO [main] com.zaxxer.hikari.HikariDataSource [122] HikariPool - Start completed.
2025-06-03 15:11:15,539 INFO [main] org.hibernate.jpa.internal.util.LogHelper [31] HHH000204: Processing PersistenceUnitInfo [name: default]
2025-06-03 15:11:15,683 INFO [main] org.hibernate.Version [44] HHH000412: Hibernate ORM core version 6.6.13.Final
2025-06-03 15:11:15,778 INFO [main] org.hibernate.cache.internal.RegionFactoryInitiator [50] HHH000026: Second-level cache disabled
2025-06-03 15:11:15,974 INFO [main] org.hibernate.envers.boot.internal.EnversServiceImpl [76] Envers integration enabled? : true
2025-06-03 15:11:16,320 INFO [main] org.springframework.orm.jpa.persistenceunit.SpringPersistenceUnitInfo [87] No LoadTimeWeaver setup: ignoring JPA class transformer
2025-06-03 15:11:16,419 WARN [main] org.hibernate.engine.jdbc.dialect.internal.DialectFactoryImpl [153] HHH90000025: PostgreSQLDialect does not need to be specified explicitly using 'hibernate.dialect' (remove the property setting and it will be selected by default)
2025-06-03 15:11:16,490 INFO [main] org.hibernate.engine.jdbc.env.internal.JdbcEnvironmentInitiator [157] HHH10001005: Database info:
	Database JDBC URL [Connecting through datasource 'HikariDataSource (HikariPool)']
	Database driver: undefined/unknown
	Database version: 16.8
	Autocommit mode: undefined/unknown
	Isolation level: undefined/unknown
	Minimum pool size: undefined/unknown
	Maximum pool size: undefined/unknown
2025-06-03 15:11:16,952 INFO [main] org.hibernate.envers.configuration.internal.metadata.AuditMetadataGenerator [322] Adding properties for entity: com.web.entity.UserMaster
2025-06-03 15:11:16,954 INFO [main] org.hibernate.envers.configuration.internal.metadata.AuditMetadataGenerator [322] Adding properties for entity: com.web.entity.VendorMaster
2025-06-03 15:11:16,955 INFO [main] org.hibernate.envers.configuration.internal.metadata.AuditMetadataGenerator [322] Adding properties for entity: com.web.entity.UserMenu
2025-06-03 15:11:17,026 WARN [main] org.hibernate.id.enhanced.OptimizerFactory [52] HHH000321: Unable to interpret specified optimizer [true], falling back to noop
2025-06-03 15:11:18,613 INFO [main] org.hibernate.engine.transaction.jta.platform.internal.JtaPlatformInitiator [59] HHH000489: No JTA platform available (set 'hibernate.transaction.jta.platform' to enable JTA platform integration)
2025-06-03 15:11:18,619 INFO [main] org.springframework.orm.jpa.AbstractEntityManagerFactoryBean [447] Initialized JPA EntityManagerFactory for persistence unit 'default'
2025-06-03 15:11:19,200 INFO [main] org.springframework.data.jpa.repository.query.QueryEnhancerFactory [49] Hibernate is in classpath; If applicable, HQL parser will be used.
2025-06-03 15:11:20,664 WARN [main] org.springframework.boot.autoconfigure.orm.jpa.JpaBaseConfiguration$JpaWebConfiguration [258] spring.jpa.open-in-view is enabled by default. Therefore, database queries may be performed during view rendering. Explicitly configure spring.jpa.open-in-view to disable this warning
2025-06-03 15:11:21,286 INFO [main] org.apache.juli.logging.DirectJDKLog [168] Starting ProtocolHandler ["http-nio-3007"]
2025-06-03 15:11:21,338 INFO [main] org.springframework.boot.web.embedded.tomcat.TomcatWebServer [243] Tomcat started on port 3007 (http) with context path '/'
2025-06-03 15:11:21,351 INFO [main] org.springframework.boot.StartupInfoLogger [59] Started AppantechWebsiteServicesApplication in 9.836 seconds (process running for 11.105)
2025-06-03 15:25:45,738 INFO [background-preinit] org.hibernate.validator.internal.util.Version [21] HV000001: Hibernate Validator 8.0.2.Final
2025-06-03 15:25:45,812 INFO [main] org.springframework.boot.StartupInfoLogger [53] Starting AppantechWebsiteServicesApplication using Java 23.0.1 with PID 31564 (C:\Users\gadeg\OneDrive\Desktop\AAAAA\ApplicationSetup_sms_setup\AppantechWebsiteServices\target\classes started by gadeg in C:\Users\gadeg\OneDrive\Desktop\AAAAA\ApplicationSetup_sms_setup\AppantechWebsiteServices)
2025-06-03 15:25:45,814 INFO [main] org.springframework.boot.SpringApplication [652] No active profile set, falling back to 1 default profile: "default"
2025-06-03 15:25:46,467 INFO [main] org.springframework.data.repository.config.RepositoryConfigurationDelegate [143] Bootstrapping Spring Data JPA repositories in DEFAULT mode.
2025-06-03 15:25:46,560 INFO [main] org.springframework.data.repository.config.RepositoryConfigurationDelegate [211] Finished Spring Data repository scanning in 81 ms. Found 10 JPA repository interfaces.
2025-06-03 15:25:47,463 INFO [main] org.springframework.boot.web.embedded.tomcat.TomcatWebServer [111] Tomcat initialized with port 3007 (http)
2025-06-03 15:25:47,482 INFO [main] org.apache.juli.logging.DirectJDKLog [168] Initializing ProtocolHandler ["http-nio-3007"]
2025-06-03 15:25:47,487 INFO [main] org.apache.juli.logging.DirectJDKLog [168] Starting service [Tomcat]
2025-06-03 15:25:47,488 INFO [main] org.apache.juli.logging.DirectJDKLog [168] Starting Servlet engine: [Apache Tomcat/10.1.40]
2025-06-03 15:25:47,566 INFO [main] org.apache.juli.logging.DirectJDKLog [168] Initializing Spring embedded WebApplicationContext
2025-06-03 15:25:47,568 INFO [main] org.springframework.boot.web.servlet.context.ServletWebServerApplicationContext [301] Root WebApplicationContext: initialization completed in 1670 ms
2025-06-03 15:25:47,638 INFO [main] com.web.RequestFilter [29] *********************************** Filter initialized *******************************************
2025-06-03 15:25:47,793 INFO [main] com.zaxxer.hikari.HikariDataSource [109] HikariPool - Starting...
2025-06-03 15:25:48,414 INFO [main] com.zaxxer.hikari.pool.HikariPool [554] HikariPool - Added connection org.postgresql.jdbc.PgConnection@31aab981
2025-06-03 15:25:48,416 INFO [main] com.zaxxer.hikari.HikariDataSource [122] HikariPool - Start completed.
2025-06-03 15:25:48,472 INFO [main] org.hibernate.jpa.internal.util.LogHelper [31] HHH000204: Processing PersistenceUnitInfo [name: default]
2025-06-03 15:25:48,535 INFO [main] org.hibernate.Version [44] HHH000412: Hibernate ORM core version 6.6.13.Final
2025-06-03 15:25:48,592 INFO [main] org.hibernate.cache.internal.RegionFactoryInitiator [50] HHH000026: Second-level cache disabled
2025-06-03 15:25:48,716 INFO [main] org.hibernate.envers.boot.internal.EnversServiceImpl [76] Envers integration enabled? : true
2025-06-03 15:25:49,049 INFO [main] org.springframework.orm.jpa.persistenceunit.SpringPersistenceUnitInfo [87] No LoadTimeWeaver setup: ignoring JPA class transformer
2025-06-03 15:25:49,167 WARN [main] org.hibernate.engine.jdbc.dialect.internal.DialectFactoryImpl [153] HHH90000025: PostgreSQLDialect does not need to be specified explicitly using 'hibernate.dialect' (remove the property setting and it will be selected by default)
2025-06-03 15:25:49,217 INFO [main] org.hibernate.engine.jdbc.env.internal.JdbcEnvironmentInitiator [157] HHH10001005: Database info:
	Database JDBC URL [Connecting through datasource 'HikariDataSource (HikariPool)']
	Database driver: undefined/unknown
	Database version: 16.8
	Autocommit mode: undefined/unknown
	Isolation level: undefined/unknown
	Minimum pool size: undefined/unknown
	Maximum pool size: undefined/unknown
2025-06-03 15:25:49,537 INFO [main] org.hibernate.envers.configuration.internal.metadata.AuditMetadataGenerator [322] Adding properties for entity: com.web.entity.UserMaster
2025-06-03 15:25:49,540 INFO [main] org.hibernate.envers.configuration.internal.metadata.AuditMetadataGenerator [322] Adding properties for entity: com.web.entity.VendorMaster
2025-06-03 15:25:49,541 INFO [main] org.hibernate.envers.configuration.internal.metadata.AuditMetadataGenerator [322] Adding properties for entity: com.web.entity.UserMenu
2025-06-03 15:25:49,597 WARN [main] org.hibernate.id.enhanced.OptimizerFactory [52] HHH000321: Unable to interpret specified optimizer [true], falling back to noop
2025-06-03 15:25:50,841 INFO [main] org.hibernate.engine.transaction.jta.platform.internal.JtaPlatformInitiator [59] HHH000489: No JTA platform available (set 'hibernate.transaction.jta.platform' to enable JTA platform integration)
2025-06-03 15:25:50,844 INFO [main] org.springframework.orm.jpa.AbstractEntityManagerFactoryBean [447] Initialized JPA EntityManagerFactory for persistence unit 'default'
2025-06-03 15:25:51,188 WARN [main] org.springframework.context.support.AbstractApplicationContext [635] Exception encountered during context initialization - cancelling refresh attempt: org.springframework.beans.factory.UnsatisfiedDependencyException: Error creating bean with name 'mailLoggerController': Unsatisfied dependency expressed through field 'emailLogService': Error creating bean with name 'sendEmailToSupportService': Injection of autowired dependencies failed
2025-06-03 15:25:51,188 INFO [main] org.springframework.orm.jpa.AbstractEntityManagerFactoryBean [660] Closing JPA EntityManagerFactory for persistence unit 'default'
2025-06-03 15:25:51,190 INFO [main] com.zaxxer.hikari.HikariDataSource [349] HikariPool - Shutdown initiated...
2025-06-03 15:25:51,221 INFO [main] com.zaxxer.hikari.HikariDataSource [351] HikariPool - Shutdown completed.
2025-06-03 15:25:51,223 INFO [main] org.apache.juli.logging.DirectJDKLog [168] Stopping service [Tomcat]
2025-06-03 15:25:51,234 INFO [main] org.springframework.boot.autoconfigure.logging.ConditionEvaluationReportLogger [82] 

Error starting ApplicationContext. To display the condition evaluation report re-run your application with 'debug' enabled.
2025-06-03 15:25:51,257 ERROR [main] org.springframework.boot.SpringApplication [858] Application run failed
org.springframework.beans.factory.UnsatisfiedDependencyException: Error creating bean with name 'mailLoggerController': Unsatisfied dependency expressed through field 'emailLogService': Error creating bean with name 'sendEmailToSupportService': Injection of autowired dependencies failed
	at org.springframework.beans.factory.annotation.AutowiredAnnotationBeanPostProcessor$AutowiredFieldElement.resolveFieldValue(AutowiredAnnotationBeanPostProcessor.java:788)
	at org.springframework.beans.factory.annotation.AutowiredAnnotationBeanPostProcessor$AutowiredFieldElement.inject(AutowiredAnnotationBeanPostProcessor.java:768)
	at org.springframework.beans.factory.annotation.InjectionMetadata.inject(InjectionMetadata.java:146)
	at org.springframework.beans.factory.annotation.AutowiredAnnotationBeanPostProcessor.postProcessProperties(AutowiredAnnotationBeanPostProcessor.java:509)
	at org.springframework.beans.factory.support.AbstractAutowireCapableBeanFactory.populateBean(AbstractAutowireCapableBeanFactory.java:1451)
	at org.springframework.beans.factory.support.AbstractAutowireCapableBeanFactory.doCreateBean(AbstractAutowireCapableBeanFactory.java:606)
	at org.springframework.beans.factory.support.AbstractAutowireCapableBeanFactory.createBean(AbstractAutowireCapableBeanFactory.java:529)
	at org.springframework.beans.factory.support.AbstractBeanFactory.lambda$doGetBean$0(AbstractBeanFactory.java:339)
	at org.springframework.beans.factory.support.DefaultSingletonBeanRegistry.getSingleton(DefaultSingletonBeanRegistry.java:371)
	at org.springframework.beans.factory.support.AbstractBeanFactory.doGetBean(AbstractBeanFactory.java:337)
	at org.springframework.beans.factory.support.AbstractBeanFactory.getBean(AbstractBeanFactory.java:202)
	at org.springframework.beans.factory.support.DefaultListableBeanFactory.instantiateSingleton(DefaultListableBeanFactory.java:1221)
	at org.springframework.beans.factory.support.DefaultListableBeanFactory.preInstantiateSingleton(DefaultListableBeanFactory.java:1187)
	at org.springframework.beans.factory.support.DefaultListableBeanFactory.preInstantiateSingletons(DefaultListableBeanFactory.java:1122)
	at org.springframework.context.support.AbstractApplicationContext.finishBeanFactoryInitialization(AbstractApplicationContext.java:987)
	at org.springframework.context.support.AbstractApplicationContext.refresh(AbstractApplicationContext.java:627)
	at org.springframework.boot.web.servlet.context.ServletWebServerApplicationContext.refresh(ServletWebServerApplicationContext.java:146)
	at org.springframework.boot.SpringApplication.refresh(SpringApplication.java:753)
	at org.springframework.boot.SpringApplication.refreshContext(SpringApplication.java:439)
	at org.springframework.boot.SpringApplication.run(SpringApplication.java:318)
	at org.springframework.boot.SpringApplication.run(SpringApplication.java:1362)
	at org.springframework.boot.SpringApplication.run(SpringApplication.java:1351)
	at com.web.AppantechWebsiteServicesApplication.main(AppantechWebsiteServicesApplication.java:14)
Caused by: org.springframework.beans.factory.BeanCreationException: Error creating bean with name 'sendEmailToSupportService': Injection of autowired dependencies failed
	at org.springframework.beans.factory.annotation.AutowiredAnnotationBeanPostProcessor.postProcessProperties(AutowiredAnnotationBeanPostProcessor.java:515)
	at org.springframework.beans.factory.support.AbstractAutowireCapableBeanFactory.populateBean(AbstractAutowireCapableBeanFactory.java:1451)
	at org.springframework.beans.factory.support.AbstractAutowireCapableBeanFactory.doCreateBean(AbstractAutowireCapableBeanFactory.java:606)
	at org.springframework.beans.factory.support.AbstractAutowireCapableBeanFactory.createBean(AbstractAutowireCapableBeanFactory.java:529)
	at org.springframework.beans.factory.support.AbstractBeanFactory.lambda$doGetBean$0(AbstractBeanFactory.java:339)
	at org.springframework.beans.factory.support.DefaultSingletonBeanRegistry.getSingleton(DefaultSingletonBeanRegistry.java:371)
	at org.springframework.beans.factory.support.AbstractBeanFactory.doGetBean(AbstractBeanFactory.java:337)
	at org.springframework.beans.factory.support.AbstractBeanFactory.getBean(AbstractBeanFactory.java:202)
	at org.springframework.beans.factory.config.DependencyDescriptor.resolveCandidate(DependencyDescriptor.java:254)
	at org.springframework.beans.factory.support.DefaultListableBeanFactory.doResolveDependency(DefaultListableBeanFactory.java:1739)
	at org.springframework.beans.factory.support.DefaultListableBeanFactory.resolveDependency(DefaultListableBeanFactory.java:1627)
	at org.springframework.beans.factory.annotation.AutowiredAnnotationBeanPostProcessor$AutowiredFieldElement.resolveFieldValue(AutowiredAnnotationBeanPostProcessor.java:785)
	... 22 common frames omitted
Caused by: org.springframework.util.PlaceholderResolutionException: Could not resolve placeholder 'email.log.upload-dir' in value "${email.log.upload-dir}"
	at org.springframework.util.PlaceholderResolutionException.withValue(PlaceholderResolutionException.java:81)
	at org.springframework.util.PlaceholderParser$ParsedValue.resolve(PlaceholderParser.java:423)
	at org.springframework.util.PlaceholderParser.replacePlaceholders(PlaceholderParser.java:128)
	at org.springframework.util.PropertyPlaceholderHelper.parseStringValue(PropertyPlaceholderHelper.java:118)
	at org.springframework.util.PropertyPlaceholderHelper.replacePlaceholders(PropertyPlaceholderHelper.java:114)
	at org.springframework.core.env.AbstractPropertyResolver.doResolvePlaceholders(AbstractPropertyResolver.java:255)
	at org.springframework.core.env.AbstractPropertyResolver.resolveRequiredPlaceholders(AbstractPropertyResolver.java:226)
	at org.springframework.context.support.PropertySourcesPlaceholderConfigurer.lambda$processProperties$0(PropertySourcesPlaceholderConfigurer.java:201)
	at org.springframework.beans.factory.support.AbstractBeanFactory.resolveEmbeddedValue(AbstractBeanFactory.java:971)
	at org.springframework.beans.factory.support.DefaultListableBeanFactory.doResolveDependency(DefaultListableBeanFactory.java:1649)
	at org.springframework.beans.factory.support.DefaultListableBeanFactory.resolveDependency(DefaultListableBeanFactory.java:1627)
	at org.springframework.beans.factory.annotation.AutowiredAnnotationBeanPostProcessor$AutowiredFieldElement.resolveFieldValue(AutowiredAnnotationBeanPostProcessor.java:785)
	at org.springframework.beans.factory.annotation.AutowiredAnnotationBeanPostProcessor$AutowiredFieldElement.inject(AutowiredAnnotationBeanPostProcessor.java:768)
	at org.springframework.beans.factory.annotation.InjectionMetadata.inject(InjectionMetadata.java:146)
	at org.springframework.beans.factory.annotation.AutowiredAnnotationBeanPostProcessor.postProcessProperties(AutowiredAnnotationBeanPostProcessor.java:509)
	... 33 common frames omitted
2025-06-03 15:28:04,489 INFO [background-preinit] org.hibernate.validator.internal.util.Version [21] HV000001: Hibernate Validator 8.0.2.Final
2025-06-03 15:28:04,580 INFO [main] org.springframework.boot.StartupInfoLogger [53] Starting AppantechWebsiteServicesApplication using Java 23.0.1 with PID 4188 (C:\Users\gadeg\OneDrive\Desktop\AAAAA\ApplicationSetup_sms_setup\AppantechWebsiteServices\target\classes started by gadeg in C:\Users\gadeg\OneDrive\Desktop\AAAAA\ApplicationSetup_sms_setup\AppantechWebsiteServices)
2025-06-03 15:28:04,582 INFO [main] org.springframework.boot.SpringApplication [652] No active profile set, falling back to 1 default profile: "default"
2025-06-03 15:28:05,344 INFO [main] org.springframework.data.repository.config.RepositoryConfigurationDelegate [143] Bootstrapping Spring Data JPA repositories in DEFAULT mode.
2025-06-03 15:28:05,457 INFO [main] org.springframework.data.repository.config.RepositoryConfigurationDelegate [211] Finished Spring Data repository scanning in 100 ms. Found 10 JPA repository interfaces.
2025-06-03 15:28:06,427 INFO [main] org.springframework.boot.web.embedded.tomcat.TomcatWebServer [111] Tomcat initialized with port 3007 (http)
2025-06-03 15:28:06,444 INFO [main] org.apache.juli.logging.DirectJDKLog [168] Initializing ProtocolHandler ["http-nio-3007"]
2025-06-03 15:28:06,448 INFO [main] org.apache.juli.logging.DirectJDKLog [168] Starting service [Tomcat]
2025-06-03 15:28:06,448 INFO [main] org.apache.juli.logging.DirectJDKLog [168] Starting Servlet engine: [Apache Tomcat/10.1.40]
2025-06-03 15:28:06,529 INFO [main] org.apache.juli.logging.DirectJDKLog [168] Initializing Spring embedded WebApplicationContext
2025-06-03 15:28:06,532 INFO [main] org.springframework.boot.web.servlet.context.ServletWebServerApplicationContext [301] Root WebApplicationContext: initialization completed in 1838 ms
2025-06-03 15:28:06,598 INFO [main] com.web.RequestFilter [29] *********************************** Filter initialized *******************************************
2025-06-03 15:28:06,746 INFO [main] com.zaxxer.hikari.HikariDataSource [109] HikariPool - Starting...
2025-06-03 15:28:07,336 INFO [main] com.zaxxer.hikari.pool.HikariPool [554] HikariPool - Added connection org.postgresql.jdbc.PgConnection@4b9dbf07
2025-06-03 15:28:07,339 INFO [main] com.zaxxer.hikari.HikariDataSource [122] HikariPool - Start completed.
2025-06-03 15:28:07,398 INFO [main] org.hibernate.jpa.internal.util.LogHelper [31] HHH000204: Processing PersistenceUnitInfo [name: default]
2025-06-03 15:28:07,462 INFO [main] org.hibernate.Version [44] HHH000412: Hibernate ORM core version 6.6.13.Final
2025-06-03 15:28:07,514 INFO [main] org.hibernate.cache.internal.RegionFactoryInitiator [50] HHH000026: Second-level cache disabled
2025-06-03 15:28:07,667 INFO [main] org.hibernate.envers.boot.internal.EnversServiceImpl [76] Envers integration enabled? : true
2025-06-03 15:28:08,003 INFO [main] org.springframework.orm.jpa.persistenceunit.SpringPersistenceUnitInfo [87] No LoadTimeWeaver setup: ignoring JPA class transformer
2025-06-03 15:28:08,086 WARN [main] org.hibernate.engine.jdbc.dialect.internal.DialectFactoryImpl [153] HHH90000025: PostgreSQLDialect does not need to be specified explicitly using 'hibernate.dialect' (remove the property setting and it will be selected by default)
2025-06-03 15:28:08,115 INFO [main] org.hibernate.engine.jdbc.env.internal.JdbcEnvironmentInitiator [157] HHH10001005: Database info:
	Database JDBC URL [Connecting through datasource 'HikariDataSource (HikariPool)']
	Database driver: undefined/unknown
	Database version: 16.8
	Autocommit mode: undefined/unknown
	Isolation level: undefined/unknown
	Minimum pool size: undefined/unknown
	Maximum pool size: undefined/unknown
2025-06-03 15:28:08,472 INFO [main] org.hibernate.envers.configuration.internal.metadata.AuditMetadataGenerator [322] Adding properties for entity: com.web.entity.UserMaster
2025-06-03 15:28:08,473 INFO [main] org.hibernate.envers.configuration.internal.metadata.AuditMetadataGenerator [322] Adding properties for entity: com.web.entity.VendorMaster
2025-06-03 15:28:08,474 INFO [main] org.hibernate.envers.configuration.internal.metadata.AuditMetadataGenerator [322] Adding properties for entity: com.web.entity.UserMenu
2025-06-03 15:28:08,553 WARN [main] org.hibernate.id.enhanced.OptimizerFactory [52] HHH000321: Unable to interpret specified optimizer [true], falling back to noop
2025-06-03 15:28:09,732 INFO [main] org.hibernate.engine.transaction.jta.platform.internal.JtaPlatformInitiator [59] HHH000489: No JTA platform available (set 'hibernate.transaction.jta.platform' to enable JTA platform integration)
2025-06-03 15:28:09,736 INFO [main] org.springframework.orm.jpa.AbstractEntityManagerFactoryBean [447] Initialized JPA EntityManagerFactory for persistence unit 'default'
2025-06-03 15:28:10,130 INFO [main] org.springframework.data.jpa.repository.query.QueryEnhancerFactory [49] Hibernate is in classpath; If applicable, HQL parser will be used.
2025-06-03 15:28:11,361 WARN [main] org.springframework.boot.autoconfigure.orm.jpa.JpaBaseConfiguration$JpaWebConfiguration [258] spring.jpa.open-in-view is enabled by default. Therefore, database queries may be performed during view rendering. Explicitly configure spring.jpa.open-in-view to disable this warning
2025-06-03 15:28:11,932 INFO [main] org.apache.juli.logging.DirectJDKLog [168] Starting ProtocolHandler ["http-nio-3007"]
2025-06-03 15:28:11,940 WARN [main] org.springframework.context.support.AbstractApplicationContext [635] Exception encountered during context initialization - cancelling refresh attempt: org.springframework.context.ApplicationContextException: Failed to start bean 'webServerStartStop'
2025-06-03 15:28:11,942 INFO [main] org.springframework.orm.jpa.AbstractEntityManagerFactoryBean [660] Closing JPA EntityManagerFactory for persistence unit 'default'
2025-06-03 15:28:11,947 INFO [main] com.zaxxer.hikari.HikariDataSource [349] HikariPool - Shutdown initiated...
2025-06-03 15:28:11,979 INFO [main] com.zaxxer.hikari.HikariDataSource [351] HikariPool - Shutdown completed.
2025-06-03 15:28:11,995 INFO [main] org.springframework.boot.autoconfigure.logging.ConditionEvaluationReportLogger [82] 

Error starting ApplicationContext. To display the condition evaluation report re-run your application with 'debug' enabled.
2025-06-03 15:28:12,023 ERROR [main] org.springframework.boot.diagnostics.LoggingFailureAnalysisReporter [40] 

***************************
APPLICATION FAILED TO START
***************************

Description:

Web server failed to start. Port 3007 was already in use.

Action:

Identify and stop the process that's listening on port 3007 or configure this application to listen on another port.

2025-06-03 15:28:20,891 INFO [background-preinit] org.hibernate.validator.internal.util.Version [21] HV000001: Hibernate Validator 8.0.2.Final
2025-06-03 15:28:20,965 INFO [main] org.springframework.boot.StartupInfoLogger [53] Starting AppantechWebsiteServicesApplication using Java 23.0.1 with PID 16904 (C:\Users\gadeg\OneDrive\Desktop\AAAAA\ApplicationSetup_sms_setup\AppantechWebsiteServices\target\classes started by gadeg in C:\Users\gadeg\OneDrive\Desktop\AAAAA\ApplicationSetup_sms_setup\AppantechWebsiteServices)
2025-06-03 15:28:20,967 INFO [main] org.springframework.boot.SpringApplication [652] No active profile set, falling back to 1 default profile: "default"
2025-06-03 15:28:21,693 INFO [main] org.springframework.data.repository.config.RepositoryConfigurationDelegate [143] Bootstrapping Spring Data JPA repositories in DEFAULT mode.
2025-06-03 15:28:21,781 INFO [main] org.springframework.data.repository.config.RepositoryConfigurationDelegate [211] Finished Spring Data repository scanning in 73 ms. Found 10 JPA repository interfaces.
2025-06-03 15:28:22,630 INFO [main] org.springframework.boot.web.embedded.tomcat.TomcatWebServer [111] Tomcat initialized with port 3007 (http)
2025-06-03 15:28:22,648 INFO [main] org.apache.juli.logging.DirectJDKLog [168] Initializing ProtocolHandler ["http-nio-3007"]
2025-06-03 15:28:22,651 INFO [main] org.apache.juli.logging.DirectJDKLog [168] Starting service [Tomcat]
2025-06-03 15:28:22,651 INFO [main] org.apache.juli.logging.DirectJDKLog [168] Starting Servlet engine: [Apache Tomcat/10.1.40]
2025-06-03 15:28:22,721 INFO [main] org.apache.juli.logging.DirectJDKLog [168] Initializing Spring embedded WebApplicationContext
2025-06-03 15:28:22,724 INFO [main] org.springframework.boot.web.servlet.context.ServletWebServerApplicationContext [301] Root WebApplicationContext: initialization completed in 1666 ms
2025-06-03 15:28:22,788 INFO [main] com.web.RequestFilter [29] *********************************** Filter initialized *******************************************
2025-06-03 15:28:22,939 INFO [main] com.zaxxer.hikari.HikariDataSource [109] HikariPool - Starting...
2025-06-03 15:28:23,517 INFO [main] com.zaxxer.hikari.pool.HikariPool [554] HikariPool - Added connection org.postgresql.jdbc.PgConnection@46394f65
2025-06-03 15:28:23,519 INFO [main] com.zaxxer.hikari.HikariDataSource [122] HikariPool - Start completed.
2025-06-03 15:28:23,596 INFO [main] org.hibernate.jpa.internal.util.LogHelper [31] HHH000204: Processing PersistenceUnitInfo [name: default]
2025-06-03 15:28:23,669 INFO [main] org.hibernate.Version [44] HHH000412: Hibernate ORM core version 6.6.13.Final
2025-06-03 15:28:23,735 INFO [main] org.hibernate.cache.internal.RegionFactoryInitiator [50] HHH000026: Second-level cache disabled
2025-06-03 15:28:23,956 INFO [main] org.hibernate.envers.boot.internal.EnversServiceImpl [76] Envers integration enabled? : true
2025-06-03 15:28:24,215 INFO [main] org.springframework.orm.jpa.persistenceunit.SpringPersistenceUnitInfo [87] No LoadTimeWeaver setup: ignoring JPA class transformer
2025-06-03 15:28:24,284 WARN [main] org.hibernate.engine.jdbc.dialect.internal.DialectFactoryImpl [153] HHH90000025: PostgreSQLDialect does not need to be specified explicitly using 'hibernate.dialect' (remove the property setting and it will be selected by default)
2025-06-03 15:28:24,317 INFO [main] org.hibernate.engine.jdbc.env.internal.JdbcEnvironmentInitiator [157] HHH10001005: Database info:
	Database JDBC URL [Connecting through datasource 'HikariDataSource (HikariPool)']
	Database driver: undefined/unknown
	Database version: 16.8
	Autocommit mode: undefined/unknown
	Isolation level: undefined/unknown
	Minimum pool size: undefined/unknown
	Maximum pool size: undefined/unknown
2025-06-03 15:28:24,651 INFO [main] org.hibernate.envers.configuration.internal.metadata.AuditMetadataGenerator [322] Adding properties for entity: com.web.entity.UserMaster
2025-06-03 15:28:24,655 INFO [main] org.hibernate.envers.configuration.internal.metadata.AuditMetadataGenerator [322] Adding properties for entity: com.web.entity.VendorMaster
2025-06-03 15:28:24,655 INFO [main] org.hibernate.envers.configuration.internal.metadata.AuditMetadataGenerator [322] Adding properties for entity: com.web.entity.UserMenu
2025-06-03 15:28:24,713 WARN [main] org.hibernate.id.enhanced.OptimizerFactory [52] HHH000321: Unable to interpret specified optimizer [true], falling back to noop
2025-06-03 15:28:25,864 INFO [main] org.hibernate.engine.transaction.jta.platform.internal.JtaPlatformInitiator [59] HHH000489: No JTA platform available (set 'hibernate.transaction.jta.platform' to enable JTA platform integration)
2025-06-03 15:28:25,869 INFO [main] org.springframework.orm.jpa.AbstractEntityManagerFactoryBean [447] Initialized JPA EntityManagerFactory for persistence unit 'default'
2025-06-03 15:28:26,255 INFO [main] org.springframework.data.jpa.repository.query.QueryEnhancerFactory [49] Hibernate is in classpath; If applicable, HQL parser will be used.
2025-06-03 15:28:27,556 WARN [main] org.springframework.boot.autoconfigure.orm.jpa.JpaBaseConfiguration$JpaWebConfiguration [258] spring.jpa.open-in-view is enabled by default. Therefore, database queries may be performed during view rendering. Explicitly configure spring.jpa.open-in-view to disable this warning
2025-06-03 15:28:28,206 INFO [main] org.apache.juli.logging.DirectJDKLog [168] Starting ProtocolHandler ["http-nio-3007"]
2025-06-03 15:28:28,233 INFO [main] org.springframework.boot.web.embedded.tomcat.TomcatWebServer [243] Tomcat started on port 3007 (http) with context path '/'
2025-06-03 15:28:28,243 INFO [main] org.springframework.boot.StartupInfoLogger [59] Started AppantechWebsiteServicesApplication in 7.789 seconds (process running for 8.43)
