2025-05-22 21:56:04,648 INFO [background-preinit] org.hibernate.validator.internal.util.Version [21] HV000001: Hibernate Validator 8.0.2.Final
2025-05-22 21:56:04,859 INFO [main] org.springframework.boot.StartupInfoLogger [53] Starting AppantechWebsiteServicesApplication using Java 17.0.2 with PID 17340 (D:\Workspaces\spring\privateWorkspace\AppantechWebsiteServices\target\classes started by mayur.more in D:\Workspaces\spring\privateWorkspace\AppantechWebsiteServices)
2025-05-22 21:56:04,862 INFO [main] org.springframework.boot.SpringApplication [652] No active profile set, falling back to 1 default profile: "default"
2025-05-22 21:56:06,118 INFO [main] org.springframework.data.repository.config.RepositoryConfigurationDelegate [143] Bootstrapping Spring Data JPA repositories in DEFAULT mode.
2025-05-22 21:56:06,280 INFO [main] org.springframework.data.repository.config.RepositoryConfigurationDelegate [211] Finished Spring Data repository scanning in 140 ms. Found 10 JPA repository interfaces.
2025-05-22 21:56:07,830 INFO [main] org.springframework.boot.web.embedded.tomcat.TomcatWebServer [111] Tomcat initialized with port 2323 (http)
2025-05-22 21:56:07,851 INFO [main] org.apache.juli.logging.DirectJDKLog [168] Initializing ProtocolHandler ["http-nio-2323"]
2025-05-22 21:56:07,857 INFO [main] org.apache.juli.logging.DirectJDKLog [168] Starting service [Tomcat]
2025-05-22 21:56:07,858 INFO [main] org.apache.juli.logging.DirectJDKLog [168] Starting Servlet engine: [Apache Tomcat/10.1.40]
2025-05-22 21:56:08,016 INFO [main] org.apache.juli.logging.DirectJDKLog [168] Initializing Spring embedded WebApplicationContext
2025-05-22 21:56:08,020 INFO [main] org.springframework.boot.web.servlet.context.ServletWebServerApplicationContext [301] Root WebApplicationContext: initialization completed in 2997 ms
2025-05-22 21:56:08,123 INFO [main] com.web.RequestFilter [29] *********************************** Filter initialized *******************************************
2025-05-22 21:56:08,359 INFO [main] com.zaxxer.hikari.HikariDataSource [109] HikariPool - Starting...
2025-05-22 21:56:12,828 INFO [main] com.zaxxer.hikari.pool.HikariPool [554] HikariPool - Added connection org.postgresql.jdbc.PgConnection@2abc55c4
2025-05-22 21:56:12,832 INFO [main] com.zaxxer.hikari.HikariDataSource [122] HikariPool - Start completed.
2025-05-22 21:56:12,940 INFO [main] org.hibernate.jpa.internal.util.LogHelper [31] HHH000204: Processing PersistenceUnitInfo [name: default]
2025-05-22 21:56:13,084 INFO [main] org.hibernate.Version [44] HHH000412: Hibernate ORM core version 6.6.13.Final
2025-05-22 21:56:13,174 INFO [main] org.hibernate.cache.internal.RegionFactoryInitiator [50] HHH000026: Second-level cache disabled
2025-05-22 21:56:13,409 INFO [main] org.hibernate.envers.boot.internal.EnversServiceImpl [76] Envers integration enabled? : true
2025-05-22 21:56:13,891 INFO [main] org.springframework.orm.jpa.persistenceunit.SpringPersistenceUnitInfo [87] No LoadTimeWeaver setup: ignoring JPA class transformer
2025-05-22 21:56:15,269 WARN [main] org.hibernate.engine.jdbc.dialect.internal.DialectFactoryImpl [153] HHH90000025: PostgreSQLDialect does not need to be specified explicitly using 'hibernate.dialect' (remove the property setting and it will be selected by default)
2025-05-22 21:56:16,552 INFO [main] org.hibernate.engine.jdbc.env.internal.JdbcEnvironmentInitiator [157] HHH10001005: Database info:
	Database JDBC URL [Connecting through datasource 'HikariDataSource (HikariPool)']
	Database driver: undefined/unknown
	Database version: 16.4
	Autocommit mode: undefined/unknown
	Isolation level: undefined/unknown
	Minimum pool size: undefined/unknown
	Maximum pool size: undefined/unknown
2025-05-22 21:56:17,154 INFO [main] org.hibernate.envers.configuration.internal.metadata.AuditMetadataGenerator [322] Adding properties for entity: com.web.entity.UserMaster
2025-05-22 21:56:17,156 INFO [main] org.hibernate.envers.configuration.internal.metadata.AuditMetadataGenerator [322] Adding properties for entity: com.web.entity.VendorMaster
2025-05-22 21:56:17,157 INFO [main] org.hibernate.envers.configuration.internal.metadata.AuditMetadataGenerator [322] Adding properties for entity: com.web.entity.UserMenu
2025-05-22 21:56:17,285 WARN [main] org.hibernate.id.enhanced.OptimizerFactory [52] HHH000321: Unable to interpret specified optimizer [true], falling back to noop
2025-05-22 21:56:19,433 INFO [main] org.hibernate.engine.transaction.jta.platform.internal.JtaPlatformInitiator [59] HHH000489: No JTA platform available (set 'hibernate.transaction.jta.platform' to enable JTA platform integration)
2025-05-22 21:56:19,436 INFO [main] org.springframework.orm.jpa.AbstractEntityManagerFactoryBean [447] Initialized JPA EntityManagerFactory for persistence unit 'default'
2025-05-22 21:56:20,250 INFO [main] org.springframework.data.jpa.repository.query.QueryEnhancerFactory [49] Hibernate is in classpath; If applicable, HQL parser will be used.
2025-05-22 21:56:22,748 WARN [main] org.springframework.boot.autoconfigure.orm.jpa.JpaBaseConfiguration$JpaWebConfiguration [258] spring.jpa.open-in-view is enabled by default. Therefore, database queries may be performed during view rendering. Explicitly configure spring.jpa.open-in-view to disable this warning
2025-05-22 21:56:24,530 INFO [main] org.apache.juli.logging.DirectJDKLog [168] Starting ProtocolHandler ["http-nio-2323"]
2025-05-22 21:56:24,607 INFO [main] org.springframework.boot.web.embedded.tomcat.TomcatWebServer [243] Tomcat started on port 2323 (http) with context path '/'
2025-05-22 21:56:24,636 INFO [main] org.springframework.boot.StartupInfoLogger [59] Started AppantechWebsiteServicesApplication in 20.496 seconds (process running for 21.788)
2025-05-22 22:08:53,340 INFO [background-preinit] org.hibernate.validator.internal.util.Version [21] HV000001: Hibernate Validator 8.0.2.Final
2025-05-22 22:08:53,444 INFO [main] org.springframework.boot.StartupInfoLogger [53] Starting AppantechWebsiteServicesApplication using Java 17.0.2 with PID 15204 (D:\Workspaces\spring\privateWorkspace\AppantechWebsiteServices\target\classes started by mayur.more in D:\Workspaces\spring\privateWorkspace\AppantechWebsiteServices)
2025-05-22 22:08:53,446 INFO [main] org.springframework.boot.SpringApplication [652] No active profile set, falling back to 1 default profile: "default"
2025-05-22 22:08:54,097 INFO [main] org.springframework.data.repository.config.RepositoryConfigurationDelegate [143] Bootstrapping Spring Data JPA repositories in DEFAULT mode.
2025-05-22 22:08:54,183 INFO [main] org.springframework.data.repository.config.RepositoryConfigurationDelegate [211] Finished Spring Data repository scanning in 74 ms. Found 10 JPA repository interfaces.
2025-05-22 22:08:55,119 INFO [main] org.springframework.boot.web.embedded.tomcat.TomcatWebServer [111] Tomcat initialized with port 2323 (http)
2025-05-22 22:08:55,134 INFO [main] org.apache.juli.logging.DirectJDKLog [168] Initializing ProtocolHandler ["http-nio-2323"]
2025-05-22 22:08:55,139 INFO [main] org.apache.juli.logging.DirectJDKLog [168] Starting service [Tomcat]
2025-05-22 22:08:55,140 INFO [main] org.apache.juli.logging.DirectJDKLog [168] Starting Servlet engine: [Apache Tomcat/10.1.40]
2025-05-22 22:08:55,234 INFO [main] org.apache.juli.logging.DirectJDKLog [168] Initializing Spring embedded WebApplicationContext
2025-05-22 22:08:55,237 INFO [main] org.springframework.boot.web.servlet.context.ServletWebServerApplicationContext [301] Root WebApplicationContext: initialization completed in 1718 ms
2025-05-22 22:08:55,302 INFO [main] com.web.RequestFilter [29] *********************************** Filter initialized *******************************************
2025-05-22 22:08:55,460 INFO [main] com.zaxxer.hikari.HikariDataSource [109] HikariPool - Starting...
2025-05-22 22:09:26,103 INFO [background-preinit] org.hibernate.validator.internal.util.Version [21] HV000001: Hibernate Validator 8.0.2.Final
2025-05-22 22:09:26,201 INFO [main] org.springframework.boot.StartupInfoLogger [53] Starting AppantechWebsiteServicesApplication using Java 17.0.2 with PID 25188 (D:\Workspaces\spring\privateWorkspace\AppantechWebsiteServices\target\classes started by mayur.more in D:\Workspaces\spring\privateWorkspace\AppantechWebsiteServices)
2025-05-22 22:09:26,203 INFO [main] org.springframework.boot.SpringApplication [652] No active profile set, falling back to 1 default profile: "default"
2025-05-22 22:09:26,879 INFO [main] org.springframework.data.repository.config.RepositoryConfigurationDelegate [143] Bootstrapping Spring Data JPA repositories in DEFAULT mode.
2025-05-22 22:09:26,973 INFO [main] org.springframework.data.repository.config.RepositoryConfigurationDelegate [211] Finished Spring Data repository scanning in 81 ms. Found 10 JPA repository interfaces.
2025-05-22 22:09:28,005 INFO [main] org.springframework.boot.web.embedded.tomcat.TomcatWebServer [111] Tomcat initialized with port 2323 (http)
2025-05-22 22:09:28,016 INFO [main] org.apache.juli.logging.DirectJDKLog [168] Initializing ProtocolHandler ["http-nio-2323"]
2025-05-22 22:09:28,019 INFO [main] org.apache.juli.logging.DirectJDKLog [168] Starting service [Tomcat]
2025-05-22 22:09:28,020 INFO [main] org.apache.juli.logging.DirectJDKLog [168] Starting Servlet engine: [Apache Tomcat/10.1.40]
2025-05-22 22:09:28,107 INFO [main] org.apache.juli.logging.DirectJDKLog [168] Initializing Spring embedded WebApplicationContext
2025-05-22 22:09:28,109 INFO [main] org.springframework.boot.web.servlet.context.ServletWebServerApplicationContext [301] Root WebApplicationContext: initialization completed in 1833 ms
2025-05-22 22:09:28,166 INFO [main] com.web.RequestFilter [29] *********************************** Filter initialized *******************************************
2025-05-22 22:09:28,302 INFO [main] com.zaxxer.hikari.HikariDataSource [109] HikariPool - Starting...
2025-05-22 22:09:30,058 INFO [main] com.zaxxer.hikari.pool.HikariPool [554] HikariPool - Added connection org.postgresql.jdbc.PgConnection@6b42e36d
2025-05-22 22:09:30,060 INFO [main] com.zaxxer.hikari.HikariDataSource [122] HikariPool - Start completed.
2025-05-22 22:09:30,102 INFO [main] org.hibernate.jpa.internal.util.LogHelper [31] HHH000204: Processing PersistenceUnitInfo [name: default]
2025-05-22 22:09:30,152 INFO [main] org.hibernate.Version [44] HHH000412: Hibernate ORM core version 6.6.13.Final
2025-05-22 22:09:30,197 INFO [main] org.hibernate.cache.internal.RegionFactoryInitiator [50] HHH000026: Second-level cache disabled
2025-05-22 22:09:30,274 INFO [main] org.hibernate.envers.boot.internal.EnversServiceImpl [76] Envers integration enabled? : true
2025-05-22 22:09:30,535 INFO [main] org.springframework.orm.jpa.persistenceunit.SpringPersistenceUnitInfo [87] No LoadTimeWeaver setup: ignoring JPA class transformer
2025-05-22 22:09:31,368 WARN [main] org.hibernate.engine.jdbc.dialect.internal.DialectFactoryImpl [153] HHH90000025: PostgreSQLDialect does not need to be specified explicitly using 'hibernate.dialect' (remove the property setting and it will be selected by default)
2025-05-22 22:09:31,826 INFO [main] org.hibernate.engine.jdbc.env.internal.JdbcEnvironmentInitiator [157] HHH10001005: Database info:
	Database JDBC URL [Connecting through datasource 'HikariDataSource (HikariPool)']
	Database driver: undefined/unknown
	Database version: 16.4
	Autocommit mode: undefined/unknown
	Isolation level: undefined/unknown
	Minimum pool size: undefined/unknown
	Maximum pool size: undefined/unknown
2025-05-22 22:09:32,135 INFO [main] org.hibernate.envers.configuration.internal.metadata.AuditMetadataGenerator [322] Adding properties for entity: com.web.entity.UserMaster
2025-05-22 22:09:32,137 INFO [main] org.hibernate.envers.configuration.internal.metadata.AuditMetadataGenerator [322] Adding properties for entity: com.web.entity.VendorMaster
2025-05-22 22:09:32,137 INFO [main] org.hibernate.envers.configuration.internal.metadata.AuditMetadataGenerator [322] Adding properties for entity: com.web.entity.UserMenu
2025-05-22 22:09:32,202 WARN [main] org.hibernate.id.enhanced.OptimizerFactory [52] HHH000321: Unable to interpret specified optimizer [true], falling back to noop
2025-05-22 22:09:33,166 INFO [main] org.hibernate.engine.transaction.jta.platform.internal.JtaPlatformInitiator [59] HHH000489: No JTA platform available (set 'hibernate.transaction.jta.platform' to enable JTA platform integration)
2025-05-22 22:09:33,170 INFO [main] org.springframework.orm.jpa.AbstractEntityManagerFactoryBean [447] Initialized JPA EntityManagerFactory for persistence unit 'default'
2025-05-22 22:09:33,620 INFO [main] org.springframework.data.jpa.repository.query.QueryEnhancerFactory [49] Hibernate is in classpath; If applicable, HQL parser will be used.
2025-05-22 22:09:34,531 WARN [main] org.springframework.boot.autoconfigure.orm.jpa.JpaBaseConfiguration$JpaWebConfiguration [258] spring.jpa.open-in-view is enabled by default. Therefore, database queries may be performed during view rendering. Explicitly configure spring.jpa.open-in-view to disable this warning
2025-05-22 22:09:34,962 INFO [main] org.apache.juli.logging.DirectJDKLog [168] Starting ProtocolHandler ["http-nio-2323"]
2025-05-22 22:09:34,992 INFO [main] org.springframework.boot.web.embedded.tomcat.TomcatWebServer [243] Tomcat started on port 2323 (http) with context path '/'
2025-05-22 22:09:35,005 INFO [main] org.springframework.boot.StartupInfoLogger [59] Started AppantechWebsiteServicesApplication in 9.28 seconds (process running for 10.035)
2025-05-22 22:11:57,262 INFO [http-nio-2323-exec-1] org.apache.juli.logging.DirectJDKLog [168] Initializing Spring DispatcherServlet 'dispatcherServlet'
2025-05-22 22:11:57,262 INFO [http-nio-2323-exec-1] org.springframework.web.servlet.FrameworkServlet [532] Initializing Servlet 'dispatcherServlet'
2025-05-22 22:11:57,264 INFO [http-nio-2323-exec-1] org.springframework.web.servlet.FrameworkServlet [554] Completed initialization in 2 ms
2025-05-22 22:11:57,285 INFO [http-nio-2323-exec-1] com.web.RequestFilter [48] clientIp : 0:0:0:0:0:0:0:1
2025-05-22 22:11:57,285 INFO [http-nio-2323-exec-1] com.web.RequestFilter [49] 

2025-05-22 22:11:57,286 INFO [http-nio-2323-exec-1] com.web.RequestFilter [51] ========================== New Request Found ======================= : /mailLogger/log
2025-05-22 22:11:57,286 INFO [http-nio-2323-exec-1] com.web.RequestFilter [52] =========================== Request Begin ===========================
2025-05-22 22:11:57,287 INFO [http-nio-2323-exec-1] com.web.RequestFilter [53] URI          : http://localhost:2323/mailLogger/log
2025-05-22 22:11:57,287 INFO [http-nio-2323-exec-1] com.web.RequestFilter [54] Method       : POST
2025-05-22 22:11:57,288 INFO [http-nio-2323-exec-1] com.web.RequestFilter [55] Headers      : content-type: application/json, user-agent: PostmanRuntime/7.44.0, accept: */*, postman-token: d9066975-e524-4271-8a8f-e557e1bbe71f, host: localhost:2323, accept-encoding: gzip, deflate, br, connection: keep-alive, content-length: 523, 
2025-05-22 22:11:57,288 INFO [http-nio-2323-exec-1] com.web.RequestFilter [56] Request Body : { "companyName": "Tech Innovations Ltd.", "spocName": "John Doe", "spocContactNo": "9876543210", "emailId": "john.doe@example.com", "address1": "123 Business Street", "address2": "Suite 456", "area": "Tech Park Area", "pincode": "400001", "city": "Mumbai", "state": "Maharashtra", "country": "India", "entityId": "ENT123456", "sendorId": "SEND7890", "templateId": "TMP4567", "tempateBody": "Welcome to AppanTech! Your request has been received." }
2025-05-22 22:11:57,288 INFO [http-nio-2323-exec-1] com.web.RequestFilter [57] ============================ Request End ============================
2025-05-22 22:11:57,288 INFO [http-nio-2323-exec-1] com.web.RequestFilter [59] =========================== Response Begin ==========================
2025-05-22 22:11:58,118 INFO [http-nio-2323-exec-1] com.web.RequestFilter [66] Status code   : 200
2025-05-22 22:11:58,119 INFO [http-nio-2323-exec-1] com.web.RequestFilter [67] Response Body : 
2025-05-22 22:11:58,119 INFO [http-nio-2323-exec-1] com.web.RequestFilter [68] ============================ Response End ============================
2025-05-22 22:23:34,774 INFO [background-preinit] org.hibernate.validator.internal.util.Version [21] HV000001: Hibernate Validator 8.0.2.Final
2025-05-22 22:23:34,888 INFO [main] org.springframework.boot.StartupInfoLogger [53] Starting AppantechWebsiteServicesApplication using Java 17.0.2 with PID 27412 (D:\Workspaces\spring\privateWorkspace\AppantechWebsiteServices\target\classes started by mayur.more in D:\Workspaces\spring\privateWorkspace\AppantechWebsiteServices)
2025-05-22 22:23:34,891 INFO [main] org.springframework.boot.SpringApplication [652] No active profile set, falling back to 1 default profile: "default"
2025-05-22 22:23:35,816 INFO [main] org.springframework.data.repository.config.RepositoryConfigurationDelegate [143] Bootstrapping Spring Data JPA repositories in DEFAULT mode.
2025-05-22 22:23:35,962 INFO [main] org.springframework.data.repository.config.RepositoryConfigurationDelegate [211] Finished Spring Data repository scanning in 129 ms. Found 10 JPA repository interfaces.
2025-05-22 22:23:37,254 INFO [main] org.springframework.boot.web.embedded.tomcat.TomcatWebServer [111] Tomcat initialized with port 2323 (http)
2025-05-22 22:23:37,270 INFO [main] org.apache.juli.logging.DirectJDKLog [168] Initializing ProtocolHandler ["http-nio-2323"]
2025-05-22 22:23:37,274 INFO [main] org.apache.juli.logging.DirectJDKLog [168] Starting service [Tomcat]
2025-05-22 22:23:37,275 INFO [main] org.apache.juli.logging.DirectJDKLog [168] Starting Servlet engine: [Apache Tomcat/10.1.40]
2025-05-22 22:23:37,385 INFO [main] org.apache.juli.logging.DirectJDKLog [168] Initializing Spring embedded WebApplicationContext
2025-05-22 22:23:37,388 INFO [main] org.springframework.boot.web.servlet.context.ServletWebServerApplicationContext [301] Root WebApplicationContext: initialization completed in 2410 ms
2025-05-22 22:23:37,463 INFO [main] com.web.RequestFilter [29] *********************************** Filter initialized *******************************************
2025-05-22 22:23:37,624 INFO [main] com.zaxxer.hikari.HikariDataSource [109] HikariPool - Starting...
2025-05-22 22:23:39,432 INFO [main] com.zaxxer.hikari.pool.HikariPool [554] HikariPool - Added connection org.postgresql.jdbc.PgConnection@236c098
2025-05-22 22:23:39,436 INFO [main] com.zaxxer.hikari.HikariDataSource [122] HikariPool - Start completed.
2025-05-22 22:23:39,504 INFO [main] org.hibernate.jpa.internal.util.LogHelper [31] HHH000204: Processing PersistenceUnitInfo [name: default]
2025-05-22 22:23:39,597 INFO [main] org.hibernate.Version [44] HHH000412: Hibernate ORM core version 6.6.13.Final
2025-05-22 22:23:39,665 INFO [main] org.hibernate.cache.internal.RegionFactoryInitiator [50] HHH000026: Second-level cache disabled
2025-05-22 22:23:39,830 INFO [main] org.hibernate.envers.boot.internal.EnversServiceImpl [76] Envers integration enabled? : true
2025-05-22 22:23:40,205 INFO [main] org.springframework.orm.jpa.persistenceunit.SpringPersistenceUnitInfo [87] No LoadTimeWeaver setup: ignoring JPA class transformer
2025-05-22 22:23:40,616 WARN [main] org.hibernate.engine.jdbc.dialect.internal.DialectFactoryImpl [153] HHH90000025: PostgreSQLDialect does not need to be specified explicitly using 'hibernate.dialect' (remove the property setting and it will be selected by default)
2025-05-22 22:23:40,761 INFO [main] org.hibernate.engine.jdbc.env.internal.JdbcEnvironmentInitiator [157] HHH10001005: Database info:
	Database JDBC URL [Connecting through datasource 'HikariDataSource (HikariPool)']
	Database driver: undefined/unknown
	Database version: 16.4
	Autocommit mode: undefined/unknown
	Isolation level: undefined/unknown
	Minimum pool size: undefined/unknown
	Maximum pool size: undefined/unknown
2025-05-22 22:24:33,675 INFO [background-preinit] org.hibernate.validator.internal.util.Version [21] HV000001: Hibernate Validator 8.0.2.Final
2025-05-22 22:24:33,771 INFO [main] org.springframework.boot.StartupInfoLogger [53] Starting AppantechWebsiteServicesApplication using Java 17.0.2 with PID 23028 (D:\Workspaces\spring\privateWorkspace\AppantechWebsiteServices\target\classes started by mayur.more in D:\Workspaces\spring\privateWorkspace\AppantechWebsiteServices)
2025-05-22 22:24:33,773 INFO [main] org.springframework.boot.SpringApplication [652] No active profile set, falling back to 1 default profile: "default"
2025-05-22 22:24:34,652 INFO [main] org.springframework.data.repository.config.RepositoryConfigurationDelegate [143] Bootstrapping Spring Data JPA repositories in DEFAULT mode.
2025-05-22 22:24:34,808 INFO [main] org.springframework.data.repository.config.RepositoryConfigurationDelegate [211] Finished Spring Data repository scanning in 135 ms. Found 10 JPA repository interfaces.
2025-05-22 22:24:36,250 INFO [main] org.springframework.boot.web.embedded.tomcat.TomcatWebServer [111] Tomcat initialized with port 2323 (http)
2025-05-22 22:24:36,269 INFO [main] org.apache.juli.logging.DirectJDKLog [168] Initializing ProtocolHandler ["http-nio-2323"]
2025-05-22 22:24:36,273 INFO [main] org.apache.juli.logging.DirectJDKLog [168] Starting service [Tomcat]
2025-05-22 22:24:36,274 INFO [main] org.apache.juli.logging.DirectJDKLog [168] Starting Servlet engine: [Apache Tomcat/10.1.40]
2025-05-22 22:24:36,394 INFO [main] org.apache.juli.logging.DirectJDKLog [168] Initializing Spring embedded WebApplicationContext
2025-05-22 22:24:36,397 INFO [main] org.springframework.boot.web.servlet.context.ServletWebServerApplicationContext [301] Root WebApplicationContext: initialization completed in 2543 ms
2025-05-22 22:24:36,472 INFO [main] com.web.RequestFilter [29] *********************************** Filter initialized *******************************************
2025-05-22 22:24:36,636 INFO [main] com.zaxxer.hikari.HikariDataSource [109] HikariPool - Starting...
2025-05-22 22:24:38,339 INFO [main] com.zaxxer.hikari.pool.HikariPool [554] HikariPool - Added connection org.postgresql.jdbc.PgConnection@c9b5a99
2025-05-22 22:24:38,341 INFO [main] com.zaxxer.hikari.HikariDataSource [122] HikariPool - Start completed.
2025-05-22 22:24:38,386 INFO [main] org.hibernate.jpa.internal.util.LogHelper [31] HHH000204: Processing PersistenceUnitInfo [name: default]
2025-05-22 22:24:38,440 INFO [main] org.hibernate.Version [44] HHH000412: Hibernate ORM core version 6.6.13.Final
2025-05-22 22:24:38,487 INFO [main] org.hibernate.cache.internal.RegionFactoryInitiator [50] HHH000026: Second-level cache disabled
2025-05-22 22:24:38,585 INFO [main] org.hibernate.envers.boot.internal.EnversServiceImpl [76] Envers integration enabled? : true
2025-05-22 22:24:38,886 INFO [main] org.springframework.orm.jpa.persistenceunit.SpringPersistenceUnitInfo [87] No LoadTimeWeaver setup: ignoring JPA class transformer
2025-05-22 22:24:39,260 WARN [main] org.hibernate.engine.jdbc.dialect.internal.DialectFactoryImpl [153] HHH90000025: PostgreSQLDialect does not need to be specified explicitly using 'hibernate.dialect' (remove the property setting and it will be selected by default)
2025-05-22 22:24:39,434 INFO [main] org.hibernate.engine.jdbc.env.internal.JdbcEnvironmentInitiator [157] HHH10001005: Database info:
	Database JDBC URL [Connecting through datasource 'HikariDataSource (HikariPool)']
	Database driver: undefined/unknown
	Database version: 16.4
	Autocommit mode: undefined/unknown
	Isolation level: undefined/unknown
	Minimum pool size: undefined/unknown
	Maximum pool size: undefined/unknown
2025-05-22 22:24:39,885 INFO [main] org.hibernate.envers.configuration.internal.metadata.AuditMetadataGenerator [322] Adding properties for entity: com.web.entity.UserMaster
2025-05-22 22:24:39,888 INFO [main] org.hibernate.envers.configuration.internal.metadata.AuditMetadataGenerator [322] Adding properties for entity: com.web.entity.VendorMaster
2025-05-22 22:24:39,889 INFO [main] org.hibernate.envers.configuration.internal.metadata.AuditMetadataGenerator [322] Adding properties for entity: com.web.entity.UserMenu
2025-05-22 22:24:39,971 WARN [main] org.hibernate.id.enhanced.OptimizerFactory [52] HHH000321: Unable to interpret specified optimizer [true], falling back to noop
2025-05-22 22:24:41,349 INFO [main] org.hibernate.engine.transaction.jta.platform.internal.JtaPlatformInitiator [59] HHH000489: No JTA platform available (set 'hibernate.transaction.jta.platform' to enable JTA platform integration)
2025-05-22 22:24:41,353 INFO [main] org.springframework.orm.jpa.AbstractEntityManagerFactoryBean [447] Initialized JPA EntityManagerFactory for persistence unit 'default'
2025-05-22 22:24:41,940 INFO [main] org.springframework.data.jpa.repository.query.QueryEnhancerFactory [49] Hibernate is in classpath; If applicable, HQL parser will be used.
2025-05-22 22:24:43,305 WARN [main] org.springframework.boot.autoconfigure.orm.jpa.JpaBaseConfiguration$JpaWebConfiguration [258] spring.jpa.open-in-view is enabled by default. Therefore, database queries may be performed during view rendering. Explicitly configure spring.jpa.open-in-view to disable this warning
2025-05-22 22:24:43,883 INFO [main] org.apache.juli.logging.DirectJDKLog [168] Starting ProtocolHandler ["http-nio-2323"]
2025-05-22 22:24:43,918 INFO [main] org.springframework.boot.web.embedded.tomcat.TomcatWebServer [243] Tomcat started on port 2323 (http) with context path '/'
2025-05-22 22:24:43,934 INFO [main] org.springframework.boot.StartupInfoLogger [59] Started AppantechWebsiteServicesApplication in 10.618 seconds (process running for 11.347)
2025-05-22 22:25:30,861 INFO [background-preinit] org.hibernate.validator.internal.util.Version [21] HV000001: Hibernate Validator 8.0.2.Final
2025-05-22 22:25:31,001 INFO [main] org.springframework.boot.StartupInfoLogger [53] Starting AppantechWebsiteServicesApplication using Java 17.0.2 with PID 15348 (D:\Workspaces\spring\privateWorkspace\AppantechWebsiteServices\target\classes started by mayur.more in D:\Workspaces\spring\privateWorkspace\AppantechWebsiteServices)
2025-05-22 22:25:31,004 INFO [main] org.springframework.boot.SpringApplication [652] No active profile set, falling back to 1 default profile: "default"
2025-05-22 22:25:31,977 INFO [main] org.springframework.data.repository.config.RepositoryConfigurationDelegate [143] Bootstrapping Spring Data JPA repositories in DEFAULT mode.
2025-05-22 22:25:32,113 INFO [main] org.springframework.data.repository.config.RepositoryConfigurationDelegate [211] Finished Spring Data repository scanning in 119 ms. Found 10 JPA repository interfaces.
2025-05-22 22:25:33,489 INFO [main] org.springframework.boot.web.embedded.tomcat.TomcatWebServer [111] Tomcat initialized with port 2323 (http)
2025-05-22 22:25:33,516 INFO [main] org.apache.juli.logging.DirectJDKLog [168] Initializing ProtocolHandler ["http-nio-2323"]
2025-05-22 22:25:33,521 INFO [main] org.apache.juli.logging.DirectJDKLog [168] Starting service [Tomcat]
2025-05-22 22:25:33,522 INFO [main] org.apache.juli.logging.DirectJDKLog [168] Starting Servlet engine: [Apache Tomcat/10.1.40]
2025-05-22 22:25:33,658 INFO [main] org.apache.juli.logging.DirectJDKLog [168] Initializing Spring embedded WebApplicationContext
2025-05-22 22:25:33,660 INFO [main] org.springframework.boot.web.servlet.context.ServletWebServerApplicationContext [301] Root WebApplicationContext: initialization completed in 2562 ms
2025-05-22 22:25:33,741 INFO [main] com.web.RequestFilter [29] *********************************** Filter initialized *******************************************
2025-05-22 22:25:33,913 INFO [main] com.zaxxer.hikari.HikariDataSource [109] HikariPool - Starting...
2025-05-22 22:25:36,019 INFO [main] com.zaxxer.hikari.pool.HikariPool [554] HikariPool - Added connection org.postgresql.jdbc.PgConnection@19a5b637
2025-05-22 22:25:36,022 INFO [main] com.zaxxer.hikari.HikariDataSource [122] HikariPool - Start completed.
2025-05-22 22:25:36,083 INFO [main] org.hibernate.jpa.internal.util.LogHelper [31] HHH000204: Processing PersistenceUnitInfo [name: default]
2025-05-22 22:25:36,169 INFO [main] org.hibernate.Version [44] HHH000412: Hibernate ORM core version 6.6.13.Final
2025-05-22 22:25:36,216 INFO [main] org.hibernate.cache.internal.RegionFactoryInitiator [50] HHH000026: Second-level cache disabled
2025-05-22 22:25:36,351 INFO [main] org.hibernate.envers.boot.internal.EnversServiceImpl [76] Envers integration enabled? : true
2025-05-22 22:25:36,691 INFO [main] org.springframework.orm.jpa.persistenceunit.SpringPersistenceUnitInfo [87] No LoadTimeWeaver setup: ignoring JPA class transformer
2025-05-22 22:25:37,528 WARN [main] org.hibernate.engine.jdbc.dialect.internal.DialectFactoryImpl [153] HHH90000025: PostgreSQLDialect does not need to be specified explicitly using 'hibernate.dialect' (remove the property setting and it will be selected by default)
2025-05-22 22:25:37,710 INFO [main] org.hibernate.engine.jdbc.env.internal.JdbcEnvironmentInitiator [157] HHH10001005: Database info:
	Database JDBC URL [Connecting through datasource 'HikariDataSource (HikariPool)']
	Database driver: undefined/unknown
	Database version: 16.4
	Autocommit mode: undefined/unknown
	Isolation level: undefined/unknown
	Minimum pool size: undefined/unknown
	Maximum pool size: undefined/unknown
2025-05-22 22:25:38,130 INFO [main] org.hibernate.envers.configuration.internal.metadata.AuditMetadataGenerator [322] Adding properties for entity: com.web.entity.UserMaster
2025-05-22 22:25:38,133 INFO [main] org.hibernate.envers.configuration.internal.metadata.AuditMetadataGenerator [322] Adding properties for entity: com.web.entity.VendorMaster
2025-05-22 22:25:38,134 INFO [main] org.hibernate.envers.configuration.internal.metadata.AuditMetadataGenerator [322] Adding properties for entity: com.web.entity.UserMenu
2025-05-22 22:25:38,230 WARN [main] org.hibernate.id.enhanced.OptimizerFactory [52] HHH000321: Unable to interpret specified optimizer [true], falling back to noop
2025-05-22 22:25:39,762 INFO [main] org.hibernate.engine.transaction.jta.platform.internal.JtaPlatformInitiator [59] HHH000489: No JTA platform available (set 'hibernate.transaction.jta.platform' to enable JTA platform integration)
2025-05-22 22:25:39,767 INFO [main] org.springframework.orm.jpa.AbstractEntityManagerFactoryBean [447] Initialized JPA EntityManagerFactory for persistence unit 'default'
2025-05-22 22:25:40,376 INFO [main] org.springframework.data.jpa.repository.query.QueryEnhancerFactory [49] Hibernate is in classpath; If applicable, HQL parser will be used.
2025-05-22 22:25:41,820 WARN [main] org.springframework.boot.autoconfigure.orm.jpa.JpaBaseConfiguration$JpaWebConfiguration [258] spring.jpa.open-in-view is enabled by default. Therefore, database queries may be performed during view rendering. Explicitly configure spring.jpa.open-in-view to disable this warning
2025-05-22 22:25:42,432 INFO [main] org.apache.juli.logging.DirectJDKLog [168] Starting ProtocolHandler ["http-nio-2323"]
2025-05-22 22:25:42,472 INFO [main] org.springframework.boot.web.embedded.tomcat.TomcatWebServer [243] Tomcat started on port 2323 (http) with context path '/'
2025-05-22 22:25:42,493 INFO [main] org.springframework.boot.StartupInfoLogger [59] Started AppantechWebsiteServicesApplication in 12.165 seconds (process running for 13.264)
2025-05-22 22:25:46,342 INFO [http-nio-2323-exec-2] org.apache.juli.logging.DirectJDKLog [168] Initializing Spring DispatcherServlet 'dispatcherServlet'
2025-05-22 22:25:46,343 INFO [http-nio-2323-exec-2] org.springframework.web.servlet.FrameworkServlet [532] Initializing Servlet 'dispatcherServlet'
2025-05-22 22:25:46,346 INFO [http-nio-2323-exec-2] org.springframework.web.servlet.FrameworkServlet [554] Completed initialization in 3 ms
2025-05-22 22:25:46,363 INFO [http-nio-2323-exec-2] com.web.RequestFilter [48] clientIp : 0:0:0:0:0:0:0:1
2025-05-22 22:25:46,363 INFO [http-nio-2323-exec-2] com.web.RequestFilter [49] 

2025-05-22 22:25:46,364 INFO [http-nio-2323-exec-2] com.web.RequestFilter [51] ========================== New Request Found ======================= : /mailLogger/log
2025-05-22 22:25:46,364 INFO [http-nio-2323-exec-2] com.web.RequestFilter [52] =========================== Request Begin ===========================
2025-05-22 22:25:46,365 INFO [http-nio-2323-exec-2] com.web.RequestFilter [53] URI          : http://localhost:2323/mailLogger/log
2025-05-22 22:25:46,365 INFO [http-nio-2323-exec-2] com.web.RequestFilter [54] Method       : POST
2025-05-22 22:25:46,365 INFO [http-nio-2323-exec-2] com.web.RequestFilter [55] Headers      : content-type: application/json, user-agent: PostmanRuntime/7.44.0, accept: */*, postman-token: 9279d864-08ff-40c8-b5c7-a5f52a254b53, host: localhost:2323, accept-encoding: gzip, deflate, br, connection: keep-alive, content-length: 523, 
2025-05-22 22:25:46,366 INFO [http-nio-2323-exec-2] com.web.RequestFilter [56] Request Body : { "companyName": "Tech Innovations Ltd.", "spocName": "John Doe", "spocContactNo": "9876543210", "emailId": "mayur.more@sil.co.in", "address1": "123 Business Street", "address2": "Suite 456", "area": "Tech Park Area", "pincode": "400001", "city": "Mumbai", "state": "Maharashtra", "country": "India", "entityId": "ENT123456", "sendorId": "SEND7890", "templateId": "TMP4567", "tempateBody": "Welcome to AppanTech! Your request has been received." }
2025-05-22 22:25:46,366 INFO [http-nio-2323-exec-2] com.web.RequestFilter [57] ============================ Request End ============================
2025-05-22 22:25:46,366 INFO [http-nio-2323-exec-2] com.web.RequestFilter [59] =========================== Response Begin ==========================
2025-05-22 22:25:47,200 INFO [http-nio-2323-exec-2] com.web.RequestFilter [66] Status code   : 200
2025-05-22 22:25:47,200 INFO [http-nio-2323-exec-2] com.web.RequestFilter [67] Response Body : 
2025-05-22 22:25:47,201 INFO [http-nio-2323-exec-2] com.web.RequestFilter [68] ============================ Response End ============================
